State 0:
          code ::= * statementblock
      (1) statementblock ::= *
          statementblock ::= * statementblock statement

                          code accept
                statementblock shift        22     
                     {default} reduce       1      statementblock ::=

State 1:
          ex ::= * LPAR ex RPAR
          ex ::= * IDENTIFIER
          ex ::= * LSPAR RSPAR
          ex ::= LSPAR * RSPAR
          ex ::= * LSPAR exlist RSPAR
          ex ::= LSPAR * exlist RSPAR
          exlist ::= * ex
          exlist ::= * exlist COMMA ex
          ex ::= * NUMTOKEN
          ex ::= * TIMETOKEN
          ex ::= * STRTOKEN
          ex ::= * BOOLTOKEN
          ex ::= * NOW
          ex ::= * ex AMPERSAND ex
          ex ::= * ex PLUS ex
          ex ::= * ex MINUS ex
          ex ::= * ex TIMES ex
          ex ::= * ex DIVIDE ex
          ex ::= * ex POWER ex
          ex ::= * ex IS LIST ex
          ex ::= * ex IS NOT LIST ex
          ex ::= * ex IS NUMBER ex
          ex ::= * COUNT ex
          ex ::= * FIRST ex
          ex ::= * SIN ex
          ex ::= * COS ex

                         COUNT shift        12     
                         FIRST shift        11     
                           SIN shift        10     
                           COS shift        9      
                    IDENTIFIER shift-reduce 9      ex ::= IDENTIFIER
                          LPAR shift        20     
                         LSPAR shift        1      
                         RSPAR shift-reduce 10     ex ::= LSPAR RSPAR
                      NUMTOKEN shift-reduce 14     ex ::= NUMTOKEN
                     TIMETOKEN shift-reduce 15     ex ::= TIMETOKEN
                      STRTOKEN shift-reduce 16     ex ::= STRTOKEN
                     BOOLTOKEN shift-reduce 17     ex ::= BOOLTOKEN
                           NOW shift-reduce 18     ex ::= NOW
                            ex shift        29     
                        exlist shift        43     

State 2:
          statement ::= WRITE * ex SEMICOLON
          statement ::= WRITE * TIME OF ex SEMICOLON
          ex ::= * LPAR ex RPAR
          ex ::= * IDENTIFIER
          ex ::= * LSPAR RSPAR
          ex ::= * LSPAR exlist RSPAR
          ex ::= * NUMTOKEN
          ex ::= * TIMETOKEN
          ex ::= * STRTOKEN
          ex ::= * BOOLTOKEN
          ex ::= * NOW
          ex ::= * ex AMPERSAND ex
          ex ::= * ex PLUS ex
          ex ::= * ex MINUS ex
          ex ::= * ex TIMES ex
          ex ::= * ex DIVIDE ex
          ex ::= * ex POWER ex
          ex ::= * ex IS LIST ex
          ex ::= * ex IS NOT LIST ex
          ex ::= * ex IS NUMBER ex
          ex ::= * COUNT ex
          ex ::= * FIRST ex
          ex ::= * SIN ex
          ex ::= * COS ex

                         COUNT shift        12     
                         FIRST shift        11     
                           SIN shift        10     
                           COS shift        9      
                          TIME shift        48     
                    IDENTIFIER shift-reduce 9      ex ::= IDENTIFIER
                          LPAR shift        20     
                         LSPAR shift        1      
                      NUMTOKEN shift-reduce 14     ex ::= NUMTOKEN
                     TIMETOKEN shift-reduce 15     ex ::= TIMETOKEN
                      STRTOKEN shift-reduce 16     ex ::= STRTOKEN
                     BOOLTOKEN shift-reduce 17     ex ::= BOOLTOKEN
                           NOW shift-reduce 18     ex ::= NOW
                            ex shift        28     

State 3:
          statement ::= TIME OF IDENTIFIER ASSIGN * ex SEMICOLON
          ex ::= * LPAR ex RPAR
          ex ::= * IDENTIFIER
          ex ::= * LSPAR RSPAR
          ex ::= * LSPAR exlist RSPAR
          ex ::= * NUMTOKEN
          ex ::= * TIMETOKEN
          ex ::= * STRTOKEN
          ex ::= * BOOLTOKEN
          ex ::= * NOW
          ex ::= * ex AMPERSAND ex
          ex ::= * ex PLUS ex
          ex ::= * ex MINUS ex
          ex ::= * ex TIMES ex
          ex ::= * ex DIVIDE ex
          ex ::= * ex POWER ex
          ex ::= * ex IS LIST ex
          ex ::= * ex IS NOT LIST ex
          ex ::= * ex IS NUMBER ex
          ex ::= * COUNT ex
          ex ::= * FIRST ex
          ex ::= * SIN ex
          ex ::= * COS ex

                         COUNT shift        12     
                         FIRST shift        11     
                           SIN shift        10     
                           COS shift        9      
                    IDENTIFIER shift-reduce 9      ex ::= IDENTIFIER
                          LPAR shift        20     
                         LSPAR shift        1      
                      NUMTOKEN shift-reduce 14     ex ::= NUMTOKEN
                     TIMETOKEN shift-reduce 15     ex ::= TIMETOKEN
                      STRTOKEN shift-reduce 16     ex ::= STRTOKEN
                     BOOLTOKEN shift-reduce 17     ex ::= BOOLTOKEN
                           NOW shift-reduce 18     ex ::= NOW
                            ex shift        23     

State 4:
          statement ::= IDENTIFIER ASSIGN * ex SEMICOLON
          ex ::= * LPAR ex RPAR
          ex ::= * IDENTIFIER
          ex ::= * LSPAR RSPAR
          ex ::= * LSPAR exlist RSPAR
          ex ::= * NUMTOKEN
          ex ::= * TIMETOKEN
          ex ::= * STRTOKEN
          ex ::= * BOOLTOKEN
          ex ::= * NOW
          ex ::= * ex AMPERSAND ex
          ex ::= * ex PLUS ex
          ex ::= * ex MINUS ex
          ex ::= * ex TIMES ex
          ex ::= * ex DIVIDE ex
          ex ::= * ex POWER ex
          ex ::= * ex IS LIST ex
          ex ::= * ex IS NOT LIST ex
          ex ::= * ex IS NUMBER ex
          ex ::= * COUNT ex
          ex ::= * FIRST ex
          ex ::= * SIN ex
          ex ::= * COS ex

                         COUNT shift        12     
                         FIRST shift        11     
                           SIN shift        10     
                           COS shift        9      
                    IDENTIFIER shift-reduce 9      ex ::= IDENTIFIER
                          LPAR shift        20     
                         LSPAR shift        1      
                      NUMTOKEN shift-reduce 14     ex ::= NUMTOKEN
                     TIMETOKEN shift-reduce 15     ex ::= TIMETOKEN
                      STRTOKEN shift-reduce 16     ex ::= STRTOKEN
                     BOOLTOKEN shift-reduce 17     ex ::= BOOLTOKEN
                           NOW shift-reduce 18     ex ::= NOW
                            ex shift        24     

State 5:
          statement ::= TRACE * ex SEMICOLON
          ex ::= * LPAR ex RPAR
          ex ::= * IDENTIFIER
          ex ::= * LSPAR RSPAR
          ex ::= * LSPAR exlist RSPAR
          ex ::= * NUMTOKEN
          ex ::= * TIMETOKEN
          ex ::= * STRTOKEN
          ex ::= * BOOLTOKEN
          ex ::= * NOW
          ex ::= * ex AMPERSAND ex
          ex ::= * ex PLUS ex
          ex ::= * ex MINUS ex
          ex ::= * ex TIMES ex
          ex ::= * ex DIVIDE ex
          ex ::= * ex POWER ex
          ex ::= * ex IS LIST ex
          ex ::= * ex IS NOT LIST ex
          ex ::= * ex IS NUMBER ex
          ex ::= * COUNT ex
          ex ::= * FIRST ex
          ex ::= * SIN ex
          ex ::= * COS ex

                         COUNT shift        12     
                         FIRST shift        11     
                           SIN shift        10     
                           COS shift        9      
                    IDENTIFIER shift-reduce 9      ex ::= IDENTIFIER
                          LPAR shift        20     
                         LSPAR shift        1      
                      NUMTOKEN shift-reduce 14     ex ::= NUMTOKEN
                     TIMETOKEN shift-reduce 15     ex ::= TIMETOKEN
                      STRTOKEN shift-reduce 16     ex ::= STRTOKEN
                     BOOLTOKEN shift-reduce 17     ex ::= BOOLTOKEN
                           NOW shift-reduce 18     ex ::= NOW
                            ex shift        25     

State 6:
          statement ::= WRITE TIME OF * ex SEMICOLON
          ex ::= * LPAR ex RPAR
          ex ::= * IDENTIFIER
          ex ::= * LSPAR RSPAR
          ex ::= * LSPAR exlist RSPAR
          ex ::= * NUMTOKEN
          ex ::= * TIMETOKEN
          ex ::= * STRTOKEN
          ex ::= * BOOLTOKEN
          ex ::= * NOW
          ex ::= * ex AMPERSAND ex
          ex ::= * ex PLUS ex
          ex ::= * ex MINUS ex
          ex ::= * ex TIMES ex
          ex ::= * ex DIVIDE ex
          ex ::= * ex POWER ex
          ex ::= * ex IS LIST ex
          ex ::= * ex IS NOT LIST ex
          ex ::= * ex IS NUMBER ex
          ex ::= * COUNT ex
          ex ::= * FIRST ex
          ex ::= * SIN ex
          ex ::= * COS ex

                         COUNT shift        12     
                         FIRST shift        11     
                           SIN shift        10     
                           COS shift        9      
                    IDENTIFIER shift-reduce 9      ex ::= IDENTIFIER
                          LPAR shift        20     
                         LSPAR shift        1      
                      NUMTOKEN shift-reduce 14     ex ::= NUMTOKEN
                     TIMETOKEN shift-reduce 15     ex ::= TIMETOKEN
                      STRTOKEN shift-reduce 16     ex ::= STRTOKEN
                     BOOLTOKEN shift-reduce 17     ex ::= BOOLTOKEN
                           NOW shift-reduce 18     ex ::= NOW
                            ex shift        26     

State 7:
          ex ::= * LPAR ex RPAR
          ex ::= * IDENTIFIER
          ex ::= * LSPAR RSPAR
          ex ::= * LSPAR exlist RSPAR
          ex ::= * NUMTOKEN
          ex ::= * TIMETOKEN
          ex ::= * STRTOKEN
          ex ::= * BOOLTOKEN
          ex ::= * NOW
          ex ::= * ex AMPERSAND ex
          ex ::= * ex PLUS ex
          ex ::= * ex MINUS ex
          ex ::= * ex TIMES ex
          ex ::= * ex DIVIDE ex
          ex ::= * ex POWER ex
          ex ::= * ex IS LIST ex
          ex ::= * ex IS NOT LIST ex
          ex ::= * ex IS NUMBER ex
          ex ::= ex IS NUMBER * ex
          ex ::= * COUNT ex
          ex ::= * FIRST ex
          ex ::= * SIN ex
          ex ::= * COS ex

                         COUNT shift        12     
                         FIRST shift        11     
                           SIN shift        10     
                           COS shift        9      
                    IDENTIFIER shift-reduce 9      ex ::= IDENTIFIER
                          LPAR shift        20     
                         LSPAR shift        1      
                      NUMTOKEN shift-reduce 14     ex ::= NUMTOKEN
                     TIMETOKEN shift-reduce 15     ex ::= TIMETOKEN
                      STRTOKEN shift-reduce 16     ex ::= STRTOKEN
                     BOOLTOKEN shift-reduce 17     ex ::= BOOLTOKEN
                           NOW shift-reduce 18     ex ::= NOW
                            ex shift        30     

State 8:
          ex ::= * LPAR ex RPAR
          ex ::= * IDENTIFIER
          ex ::= * LSPAR RSPAR
          ex ::= * LSPAR exlist RSPAR
          ex ::= * NUMTOKEN
          ex ::= * TIMETOKEN
          ex ::= * STRTOKEN
          ex ::= * BOOLTOKEN
          ex ::= * NOW
          ex ::= * ex AMPERSAND ex
          ex ::= * ex PLUS ex
          ex ::= * ex MINUS ex
          ex ::= * ex TIMES ex
          ex ::= * ex DIVIDE ex
          ex ::= * ex POWER ex
          ex ::= * ex IS LIST ex
          ex ::= * ex IS NOT LIST ex
          ex ::= ex IS NOT LIST * ex
          ex ::= * ex IS NUMBER ex
          ex ::= * COUNT ex
          ex ::= * FIRST ex
          ex ::= * SIN ex
          ex ::= * COS ex

                         COUNT shift        12     
                         FIRST shift        11     
                           SIN shift        10     
                           COS shift        9      
                    IDENTIFIER shift-reduce 9      ex ::= IDENTIFIER
                          LPAR shift        20     
                         LSPAR shift        1      
                      NUMTOKEN shift-reduce 14     ex ::= NUMTOKEN
                     TIMETOKEN shift-reduce 15     ex ::= TIMETOKEN
                      STRTOKEN shift-reduce 16     ex ::= STRTOKEN
                     BOOLTOKEN shift-reduce 17     ex ::= BOOLTOKEN
                           NOW shift-reduce 18     ex ::= NOW
                            ex shift        31     

State 9:
          ex ::= * LPAR ex RPAR
          ex ::= * IDENTIFIER
          ex ::= * LSPAR RSPAR
          ex ::= * LSPAR exlist RSPAR
          ex ::= * NUMTOKEN
          ex ::= * TIMETOKEN
          ex ::= * STRTOKEN
          ex ::= * BOOLTOKEN
          ex ::= * NOW
          ex ::= * ex AMPERSAND ex
          ex ::= * ex PLUS ex
          ex ::= * ex MINUS ex
          ex ::= * ex TIMES ex
          ex ::= * ex DIVIDE ex
          ex ::= * ex POWER ex
          ex ::= * ex IS LIST ex
          ex ::= * ex IS NOT LIST ex
          ex ::= * ex IS NUMBER ex
          ex ::= * COUNT ex
          ex ::= * FIRST ex
          ex ::= * SIN ex
          ex ::= * COS ex
          ex ::= COS * ex

                         COUNT shift        12     
                         FIRST shift        11     
                           SIN shift        10     
                           COS shift        9      
                    IDENTIFIER shift-reduce 9      ex ::= IDENTIFIER
                          LPAR shift        20     
                         LSPAR shift        1      
                      NUMTOKEN shift-reduce 14     ex ::= NUMTOKEN
                     TIMETOKEN shift-reduce 15     ex ::= TIMETOKEN
                      STRTOKEN shift-reduce 16     ex ::= STRTOKEN
                     BOOLTOKEN shift-reduce 17     ex ::= BOOLTOKEN
                           NOW shift-reduce 18     ex ::= NOW
                            ex shift        50     

State 10:
          ex ::= * LPAR ex RPAR
          ex ::= * IDENTIFIER
          ex ::= * LSPAR RSPAR
          ex ::= * LSPAR exlist RSPAR
          ex ::= * NUMTOKEN
          ex ::= * TIMETOKEN
          ex ::= * STRTOKEN
          ex ::= * BOOLTOKEN
          ex ::= * NOW
          ex ::= * ex AMPERSAND ex
          ex ::= * ex PLUS ex
          ex ::= * ex MINUS ex
          ex ::= * ex TIMES ex
          ex ::= * ex DIVIDE ex
          ex ::= * ex POWER ex
          ex ::= * ex IS LIST ex
          ex ::= * ex IS NOT LIST ex
          ex ::= * ex IS NUMBER ex
          ex ::= * COUNT ex
          ex ::= * FIRST ex
          ex ::= * SIN ex
          ex ::= SIN * ex
          ex ::= * COS ex

                         COUNT shift        12     
                         FIRST shift        11     
                           SIN shift        10     
                           COS shift        9      
                    IDENTIFIER shift-reduce 9      ex ::= IDENTIFIER
                          LPAR shift        20     
                         LSPAR shift        1      
                      NUMTOKEN shift-reduce 14     ex ::= NUMTOKEN
                     TIMETOKEN shift-reduce 15     ex ::= TIMETOKEN
                      STRTOKEN shift-reduce 16     ex ::= STRTOKEN
                     BOOLTOKEN shift-reduce 17     ex ::= BOOLTOKEN
                           NOW shift-reduce 18     ex ::= NOW
                            ex shift        51     

State 11:
          ex ::= * LPAR ex RPAR
          ex ::= * IDENTIFIER
          ex ::= * LSPAR RSPAR
          ex ::= * LSPAR exlist RSPAR
          ex ::= * NUMTOKEN
          ex ::= * TIMETOKEN
          ex ::= * STRTOKEN
          ex ::= * BOOLTOKEN
          ex ::= * NOW
          ex ::= * ex AMPERSAND ex
          ex ::= * ex PLUS ex
          ex ::= * ex MINUS ex
          ex ::= * ex TIMES ex
          ex ::= * ex DIVIDE ex
          ex ::= * ex POWER ex
          ex ::= * ex IS LIST ex
          ex ::= * ex IS NOT LIST ex
          ex ::= * ex IS NUMBER ex
          ex ::= * COUNT ex
          ex ::= * FIRST ex
          ex ::= FIRST * ex
          ex ::= * SIN ex
          ex ::= * COS ex

                         COUNT shift        12     
                         FIRST shift        11     
                           SIN shift        10     
                           COS shift        9      
                    IDENTIFIER shift-reduce 9      ex ::= IDENTIFIER
                          LPAR shift        20     
                         LSPAR shift        1      
                      NUMTOKEN shift-reduce 14     ex ::= NUMTOKEN
                     TIMETOKEN shift-reduce 15     ex ::= TIMETOKEN
                      STRTOKEN shift-reduce 16     ex ::= STRTOKEN
                     BOOLTOKEN shift-reduce 17     ex ::= BOOLTOKEN
                           NOW shift-reduce 18     ex ::= NOW
                            ex shift        32     

State 12:
          ex ::= * LPAR ex RPAR
          ex ::= * IDENTIFIER
          ex ::= * LSPAR RSPAR
          ex ::= * LSPAR exlist RSPAR
          ex ::= * NUMTOKEN
          ex ::= * TIMETOKEN
          ex ::= * STRTOKEN
          ex ::= * BOOLTOKEN
          ex ::= * NOW
          ex ::= * ex AMPERSAND ex
          ex ::= * ex PLUS ex
          ex ::= * ex MINUS ex
          ex ::= * ex TIMES ex
          ex ::= * ex DIVIDE ex
          ex ::= * ex POWER ex
          ex ::= * ex IS LIST ex
          ex ::= * ex IS NOT LIST ex
          ex ::= * ex IS NUMBER ex
          ex ::= * COUNT ex
          ex ::= COUNT * ex
          ex ::= * FIRST ex
          ex ::= * SIN ex
          ex ::= * COS ex

                         COUNT shift        12     
                         FIRST shift        11     
                           SIN shift        10     
                           COS shift        9      
                    IDENTIFIER shift-reduce 9      ex ::= IDENTIFIER
                          LPAR shift        20     
                         LSPAR shift        1      
                      NUMTOKEN shift-reduce 14     ex ::= NUMTOKEN
                     TIMETOKEN shift-reduce 15     ex ::= TIMETOKEN
                      STRTOKEN shift-reduce 16     ex ::= STRTOKEN
                     BOOLTOKEN shift-reduce 17     ex ::= BOOLTOKEN
                           NOW shift-reduce 18     ex ::= NOW
                            ex shift        33     

State 13:
          ex ::= * LPAR ex RPAR
          ex ::= * IDENTIFIER
          ex ::= * LSPAR RSPAR
          ex ::= * LSPAR exlist RSPAR
          ex ::= * NUMTOKEN
          ex ::= * TIMETOKEN
          ex ::= * STRTOKEN
          ex ::= * BOOLTOKEN
          ex ::= * NOW
          ex ::= * ex AMPERSAND ex
          ex ::= * ex PLUS ex
          ex ::= * ex MINUS ex
          ex ::= * ex TIMES ex
          ex ::= * ex DIVIDE ex
          ex ::= * ex POWER ex
          ex ::= * ex IS LIST ex
          ex ::= ex IS LIST * ex
          ex ::= * ex IS NOT LIST ex
          ex ::= * ex IS NUMBER ex
          ex ::= * COUNT ex
          ex ::= * FIRST ex
          ex ::= * SIN ex
          ex ::= * COS ex

                         COUNT shift        12     
                         FIRST shift        11     
                           SIN shift        10     
                           COS shift        9      
                    IDENTIFIER shift-reduce 9      ex ::= IDENTIFIER
                          LPAR shift        20     
                         LSPAR shift        1      
                      NUMTOKEN shift-reduce 14     ex ::= NUMTOKEN
                     TIMETOKEN shift-reduce 15     ex ::= TIMETOKEN
                      STRTOKEN shift-reduce 16     ex ::= STRTOKEN
                     BOOLTOKEN shift-reduce 17     ex ::= BOOLTOKEN
                           NOW shift-reduce 18     ex ::= NOW
                            ex shift        34     

State 14:
          ex ::= * LPAR ex RPAR
          ex ::= * IDENTIFIER
          ex ::= * LSPAR RSPAR
          ex ::= * LSPAR exlist RSPAR
          ex ::= * NUMTOKEN
          ex ::= * TIMETOKEN
          ex ::= * STRTOKEN
          ex ::= * BOOLTOKEN
          ex ::= * NOW
          ex ::= * ex AMPERSAND ex
          ex ::= * ex PLUS ex
          ex ::= * ex MINUS ex
          ex ::= * ex TIMES ex
          ex ::= * ex DIVIDE ex
          ex ::= * ex POWER ex
          ex ::= ex POWER * ex
          ex ::= * ex IS LIST ex
          ex ::= * ex IS NOT LIST ex
          ex ::= * ex IS NUMBER ex
          ex ::= * COUNT ex
          ex ::= * FIRST ex
          ex ::= * SIN ex
          ex ::= * COS ex

                         COUNT shift        12     
                         FIRST shift        11     
                           SIN shift        10     
                           COS shift        9      
                    IDENTIFIER shift-reduce 9      ex ::= IDENTIFIER
                          LPAR shift        20     
                         LSPAR shift        1      
                      NUMTOKEN shift-reduce 14     ex ::= NUMTOKEN
                     TIMETOKEN shift-reduce 15     ex ::= TIMETOKEN
                      STRTOKEN shift-reduce 16     ex ::= STRTOKEN
                     BOOLTOKEN shift-reduce 17     ex ::= BOOLTOKEN
                           NOW shift-reduce 18     ex ::= NOW
                            ex shift        40     

State 15:
          ex ::= * LPAR ex RPAR
          ex ::= * IDENTIFIER
          ex ::= * LSPAR RSPAR
          ex ::= * LSPAR exlist RSPAR
          ex ::= * NUMTOKEN
          ex ::= * TIMETOKEN
          ex ::= * STRTOKEN
          ex ::= * BOOLTOKEN
          ex ::= * NOW
          ex ::= * ex AMPERSAND ex
          ex ::= * ex PLUS ex
          ex ::= * ex MINUS ex
          ex ::= * ex TIMES ex
          ex ::= * ex DIVIDE ex
          ex ::= ex DIVIDE * ex
          ex ::= * ex POWER ex
          ex ::= * ex IS LIST ex
          ex ::= * ex IS NOT LIST ex
          ex ::= * ex IS NUMBER ex
          ex ::= * COUNT ex
          ex ::= * FIRST ex
          ex ::= * SIN ex
          ex ::= * COS ex

                         COUNT shift        12     
                         FIRST shift        11     
                           SIN shift        10     
                           COS shift        9      
                    IDENTIFIER shift-reduce 9      ex ::= IDENTIFIER
                          LPAR shift        20     
                         LSPAR shift        1      
                      NUMTOKEN shift-reduce 14     ex ::= NUMTOKEN
                     TIMETOKEN shift-reduce 15     ex ::= TIMETOKEN
                      STRTOKEN shift-reduce 16     ex ::= STRTOKEN
                     BOOLTOKEN shift-reduce 17     ex ::= BOOLTOKEN
                           NOW shift-reduce 18     ex ::= NOW
                            ex shift        41     

State 16:
          ex ::= * LPAR ex RPAR
          ex ::= * IDENTIFIER
          ex ::= * LSPAR RSPAR
          ex ::= * LSPAR exlist RSPAR
          ex ::= * NUMTOKEN
          ex ::= * TIMETOKEN
          ex ::= * STRTOKEN
          ex ::= * BOOLTOKEN
          ex ::= * NOW
          ex ::= * ex AMPERSAND ex
          ex ::= * ex PLUS ex
          ex ::= * ex MINUS ex
          ex ::= * ex TIMES ex
          ex ::= ex TIMES * ex
          ex ::= * ex DIVIDE ex
          ex ::= * ex POWER ex
          ex ::= * ex IS LIST ex
          ex ::= * ex IS NOT LIST ex
          ex ::= * ex IS NUMBER ex
          ex ::= * COUNT ex
          ex ::= * FIRST ex
          ex ::= * SIN ex
          ex ::= * COS ex

                         COUNT shift        12     
                         FIRST shift        11     
                           SIN shift        10     
                           COS shift        9      
                    IDENTIFIER shift-reduce 9      ex ::= IDENTIFIER
                          LPAR shift        20     
                         LSPAR shift        1      
                      NUMTOKEN shift-reduce 14     ex ::= NUMTOKEN
                     TIMETOKEN shift-reduce 15     ex ::= TIMETOKEN
                      STRTOKEN shift-reduce 16     ex ::= STRTOKEN
                     BOOLTOKEN shift-reduce 17     ex ::= BOOLTOKEN
                           NOW shift-reduce 18     ex ::= NOW
                            ex shift        42     

State 17:
          ex ::= * LPAR ex RPAR
          ex ::= * IDENTIFIER
          ex ::= * LSPAR RSPAR
          ex ::= * LSPAR exlist RSPAR
          ex ::= * NUMTOKEN
          ex ::= * TIMETOKEN
          ex ::= * STRTOKEN
          ex ::= * BOOLTOKEN
          ex ::= * NOW
          ex ::= * ex AMPERSAND ex
          ex ::= * ex PLUS ex
          ex ::= * ex MINUS ex
          ex ::= ex MINUS * ex
          ex ::= * ex TIMES ex
          ex ::= * ex DIVIDE ex
          ex ::= * ex POWER ex
          ex ::= * ex IS LIST ex
          ex ::= * ex IS NOT LIST ex
          ex ::= * ex IS NUMBER ex
          ex ::= * COUNT ex
          ex ::= * FIRST ex
          ex ::= * SIN ex
          ex ::= * COS ex

                         COUNT shift        12     
                         FIRST shift        11     
                           SIN shift        10     
                           COS shift        9      
                    IDENTIFIER shift-reduce 9      ex ::= IDENTIFIER
                          LPAR shift        20     
                         LSPAR shift        1      
                      NUMTOKEN shift-reduce 14     ex ::= NUMTOKEN
                     TIMETOKEN shift-reduce 15     ex ::= TIMETOKEN
                      STRTOKEN shift-reduce 16     ex ::= STRTOKEN
                     BOOLTOKEN shift-reduce 17     ex ::= BOOLTOKEN
                           NOW shift-reduce 18     ex ::= NOW
                            ex shift        38     

State 18:
          ex ::= * LPAR ex RPAR
          ex ::= * IDENTIFIER
          ex ::= * LSPAR RSPAR
          ex ::= * LSPAR exlist RSPAR
          exlist ::= exlist COMMA * ex
          ex ::= * NUMTOKEN
          ex ::= * TIMETOKEN
          ex ::= * STRTOKEN
          ex ::= * BOOLTOKEN
          ex ::= * NOW
          ex ::= * ex AMPERSAND ex
          ex ::= * ex PLUS ex
          ex ::= * ex MINUS ex
          ex ::= * ex TIMES ex
          ex ::= * ex DIVIDE ex
          ex ::= * ex POWER ex
          ex ::= * ex IS LIST ex
          ex ::= * ex IS NOT LIST ex
          ex ::= * ex IS NUMBER ex
          ex ::= * COUNT ex
          ex ::= * FIRST ex
          ex ::= * SIN ex
          ex ::= * COS ex

                         COUNT shift        12     
                         FIRST shift        11     
                           SIN shift        10     
                           COS shift        9      
                    IDENTIFIER shift-reduce 9      ex ::= IDENTIFIER
                          LPAR shift        20     
                         LSPAR shift        1      
                      NUMTOKEN shift-reduce 14     ex ::= NUMTOKEN
                     TIMETOKEN shift-reduce 15     ex ::= TIMETOKEN
                      STRTOKEN shift-reduce 16     ex ::= STRTOKEN
                     BOOLTOKEN shift-reduce 17     ex ::= BOOLTOKEN
                           NOW shift-reduce 18     ex ::= NOW
                            ex shift        35     

State 19:
          ex ::= * LPAR ex RPAR
          ex ::= * IDENTIFIER
          ex ::= * LSPAR RSPAR
          ex ::= * LSPAR exlist RSPAR
          ex ::= * NUMTOKEN
          ex ::= * TIMETOKEN
          ex ::= * STRTOKEN
          ex ::= * BOOLTOKEN
          ex ::= * NOW
          ex ::= * ex AMPERSAND ex
          ex ::= * ex PLUS ex
          ex ::= ex PLUS * ex
          ex ::= * ex MINUS ex
          ex ::= * ex TIMES ex
          ex ::= * ex DIVIDE ex
          ex ::= * ex POWER ex
          ex ::= * ex IS LIST ex
          ex ::= * ex IS NOT LIST ex
          ex ::= * ex IS NUMBER ex
          ex ::= * COUNT ex
          ex ::= * FIRST ex
          ex ::= * SIN ex
          ex ::= * COS ex

                         COUNT shift        12     
                         FIRST shift        11     
                           SIN shift        10     
                           COS shift        9      
                    IDENTIFIER shift-reduce 9      ex ::= IDENTIFIER
                          LPAR shift        20     
                         LSPAR shift        1      
                      NUMTOKEN shift-reduce 14     ex ::= NUMTOKEN
                     TIMETOKEN shift-reduce 15     ex ::= TIMETOKEN
                      STRTOKEN shift-reduce 16     ex ::= STRTOKEN
                     BOOLTOKEN shift-reduce 17     ex ::= BOOLTOKEN
                           NOW shift-reduce 18     ex ::= NOW
                            ex shift        37     

State 20:
          ex ::= * LPAR ex RPAR
          ex ::= LPAR * ex RPAR
          ex ::= * IDENTIFIER
          ex ::= * LSPAR RSPAR
          ex ::= * LSPAR exlist RSPAR
          ex ::= * NUMTOKEN
          ex ::= * TIMETOKEN
          ex ::= * STRTOKEN
          ex ::= * BOOLTOKEN
          ex ::= * NOW
          ex ::= * ex AMPERSAND ex
          ex ::= * ex PLUS ex
          ex ::= * ex MINUS ex
          ex ::= * ex TIMES ex
          ex ::= * ex DIVIDE ex
          ex ::= * ex POWER ex
          ex ::= * ex IS LIST ex
          ex ::= * ex IS NOT LIST ex
          ex ::= * ex IS NUMBER ex
          ex ::= * COUNT ex
          ex ::= * FIRST ex
          ex ::= * SIN ex
          ex ::= * COS ex

                         COUNT shift        12     
                         FIRST shift        11     
                           SIN shift        10     
                           COS shift        9      
                    IDENTIFIER shift-reduce 9      ex ::= IDENTIFIER
                          LPAR shift        20     
                         LSPAR shift        1      
                      NUMTOKEN shift-reduce 14     ex ::= NUMTOKEN
                     TIMETOKEN shift-reduce 15     ex ::= TIMETOKEN
                      STRTOKEN shift-reduce 16     ex ::= STRTOKEN
                     BOOLTOKEN shift-reduce 17     ex ::= BOOLTOKEN
                           NOW shift-reduce 18     ex ::= NOW
                            ex shift        27     

State 21:
          ex ::= * LPAR ex RPAR
          ex ::= * IDENTIFIER
          ex ::= * LSPAR RSPAR
          ex ::= * LSPAR exlist RSPAR
          ex ::= * NUMTOKEN
          ex ::= * TIMETOKEN
          ex ::= * STRTOKEN
          ex ::= * BOOLTOKEN
          ex ::= * NOW
          ex ::= * ex AMPERSAND ex
          ex ::= ex AMPERSAND * ex
          ex ::= * ex PLUS ex
          ex ::= * ex MINUS ex
          ex ::= * ex TIMES ex
          ex ::= * ex DIVIDE ex
          ex ::= * ex POWER ex
          ex ::= * ex IS LIST ex
          ex ::= * ex IS NOT LIST ex
          ex ::= * ex IS NUMBER ex
          ex ::= * COUNT ex
          ex ::= * FIRST ex
          ex ::= * SIN ex
          ex ::= * COS ex

                         COUNT shift        12     
                         FIRST shift        11     
                           SIN shift        10     
                           COS shift        9      
                    IDENTIFIER shift-reduce 9      ex ::= IDENTIFIER
                          LPAR shift        20     
                         LSPAR shift        1      
                      NUMTOKEN shift-reduce 14     ex ::= NUMTOKEN
                     TIMETOKEN shift-reduce 15     ex ::= TIMETOKEN
                      STRTOKEN shift-reduce 16     ex ::= STRTOKEN
                     BOOLTOKEN shift-reduce 17     ex ::= BOOLTOKEN
                           NOW shift-reduce 18     ex ::= NOW
                            ex shift        36     

State 22:
      (0) code ::= statementblock *
          statementblock ::= statementblock * statement
          statement ::= * WRITE ex SEMICOLON
          statement ::= * WRITE TIME OF ex SEMICOLON
          statement ::= * TRACE ex SEMICOLON
          statement ::= * IDENTIFIER ASSIGN ex SEMICOLON
          statement ::= * TIME OF IDENTIFIER ASSIGN ex SEMICOLON

                             $ reduce       0      code ::= statementblock
                         WRITE shift        2      
                          TIME shift        46     
                         TRACE shift        5      
                    IDENTIFIER shift        47     
                     statement shift-reduce 2      statementblock ::= statementblock statement

State 23:
          statement ::= TIME OF IDENTIFIER ASSIGN ex * SEMICOLON
          ex ::= ex * AMPERSAND ex
          ex ::= ex * PLUS ex
          ex ::= ex * MINUS ex
          ex ::= ex * TIMES ex
          ex ::= ex * DIVIDE ex
          ex ::= ex * POWER ex
          ex ::= ex * IS LIST ex
          ex ::= ex * IS NOT LIST ex
          ex ::= ex * IS NUMBER ex

                     AMPERSAND shift        21     
                          PLUS shift        19     
                         MINUS shift        17     
                         TIMES shift        16     
                        DIVIDE shift        15     
                         POWER shift        14     
                     SEMICOLON shift-reduce 7      statement ::= TIME OF IDENTIFIER ASSIGN ex SEMICOLON
                            IS shift        39     

State 24:
          statement ::= IDENTIFIER ASSIGN ex * SEMICOLON
          ex ::= ex * AMPERSAND ex
          ex ::= ex * PLUS ex
          ex ::= ex * MINUS ex
          ex ::= ex * TIMES ex
          ex ::= ex * DIVIDE ex
          ex ::= ex * POWER ex
          ex ::= ex * IS LIST ex
          ex ::= ex * IS NOT LIST ex
          ex ::= ex * IS NUMBER ex

                     AMPERSAND shift        21     
                          PLUS shift        19     
                         MINUS shift        17     
                         TIMES shift        16     
                        DIVIDE shift        15     
                         POWER shift        14     
                     SEMICOLON shift-reduce 6      statement ::= IDENTIFIER ASSIGN ex SEMICOLON
                            IS shift        39     

State 25:
          statement ::= TRACE ex * SEMICOLON
          ex ::= ex * AMPERSAND ex
          ex ::= ex * PLUS ex
          ex ::= ex * MINUS ex
          ex ::= ex * TIMES ex
          ex ::= ex * DIVIDE ex
          ex ::= ex * POWER ex
          ex ::= ex * IS LIST ex
          ex ::= ex * IS NOT LIST ex
          ex ::= ex * IS NUMBER ex

                     AMPERSAND shift        21     
                          PLUS shift        19     
                         MINUS shift        17     
                         TIMES shift        16     
                        DIVIDE shift        15     
                         POWER shift        14     
                     SEMICOLON shift-reduce 5      statement ::= TRACE ex SEMICOLON
                            IS shift        39     

State 26:
          statement ::= WRITE TIME OF ex * SEMICOLON
          ex ::= ex * AMPERSAND ex
          ex ::= ex * PLUS ex
          ex ::= ex * MINUS ex
          ex ::= ex * TIMES ex
          ex ::= ex * DIVIDE ex
          ex ::= ex * POWER ex
          ex ::= ex * IS LIST ex
          ex ::= ex * IS NOT LIST ex
          ex ::= ex * IS NUMBER ex

                     AMPERSAND shift        21     
                          PLUS shift        19     
                         MINUS shift        17     
                         TIMES shift        16     
                        DIVIDE shift        15     
                         POWER shift        14     
                     SEMICOLON shift-reduce 4      statement ::= WRITE TIME OF ex SEMICOLON
                            IS shift        39     

State 27:
          ex ::= LPAR ex * RPAR
          ex ::= ex * AMPERSAND ex
          ex ::= ex * PLUS ex
          ex ::= ex * MINUS ex
          ex ::= ex * TIMES ex
          ex ::= ex * DIVIDE ex
          ex ::= ex * POWER ex
          ex ::= ex * IS LIST ex
          ex ::= ex * IS NOT LIST ex
          ex ::= ex * IS NUMBER ex

                     AMPERSAND shift        21     
                          PLUS shift        19     
                         MINUS shift        17     
                         TIMES shift        16     
                        DIVIDE shift        15     
                         POWER shift        14     
                          RPAR shift-reduce 8      ex ::= LPAR ex RPAR
                            IS shift        39     

State 28:
          statement ::= WRITE ex * SEMICOLON
          ex ::= ex * AMPERSAND ex
          ex ::= ex * PLUS ex
          ex ::= ex * MINUS ex
          ex ::= ex * TIMES ex
          ex ::= ex * DIVIDE ex
          ex ::= ex * POWER ex
          ex ::= ex * IS LIST ex
          ex ::= ex * IS NOT LIST ex
          ex ::= ex * IS NUMBER ex

                     AMPERSAND shift        21     
                          PLUS shift        19     
                         MINUS shift        17     
                         TIMES shift        16     
                        DIVIDE shift        15     
                         POWER shift        14     
                     SEMICOLON shift-reduce 3      statement ::= WRITE ex SEMICOLON
                            IS shift        39     

State 29:
     (12) exlist ::= ex *
          ex ::= ex * AMPERSAND ex
          ex ::= ex * PLUS ex
          ex ::= ex * MINUS ex
          ex ::= ex * TIMES ex
          ex ::= ex * DIVIDE ex
          ex ::= ex * POWER ex
          ex ::= ex * IS LIST ex
          ex ::= ex * IS NOT LIST ex
          ex ::= ex * IS NUMBER ex

                     AMPERSAND shift        21     
                          PLUS shift        19     
                         MINUS shift        17     
                         TIMES shift        16     
                        DIVIDE shift        15     
                         POWER shift        14     
                            IS shift        39     
                     {default} reduce       12     exlist ::= ex

State 30:
          ex ::= ex * AMPERSAND ex
          ex ::= ex * PLUS ex
          ex ::= ex * MINUS ex
          ex ::= ex * TIMES ex
          ex ::= ex * DIVIDE ex
          ex ::= ex * POWER ex
          ex ::= ex * IS LIST ex
          ex ::= ex * IS NOT LIST ex
          ex ::= ex * IS NUMBER ex
     (27) ex ::= ex IS NUMBER ex *

                     AMPERSAND shift        21     
                     AMPERSAND reduce       27      ** Parsing conflict **
                          PLUS shift        19     
                          PLUS reduce       27      ** Parsing conflict **
                         MINUS shift        17     
                         MINUS reduce       27      ** Parsing conflict **
                         TIMES shift        16     
                         TIMES reduce       27      ** Parsing conflict **
                        DIVIDE shift        15     
                        DIVIDE reduce       27      ** Parsing conflict **
                         POWER shift        14     
                         POWER reduce       27      ** Parsing conflict **
                            IS shift        39     
                            IS reduce       27      ** Parsing conflict **
                     {default} reduce       27     ex ::= ex IS NUMBER ex

State 31:
          ex ::= ex * AMPERSAND ex
          ex ::= ex * PLUS ex
          ex ::= ex * MINUS ex
          ex ::= ex * TIMES ex
          ex ::= ex * DIVIDE ex
          ex ::= ex * POWER ex
          ex ::= ex * IS LIST ex
          ex ::= ex * IS NOT LIST ex
     (26) ex ::= ex IS NOT LIST ex *
          ex ::= ex * IS NUMBER ex

                     AMPERSAND shift        21     
                     AMPERSAND reduce       26      ** Parsing conflict **
                          PLUS shift        19     
                          PLUS reduce       26      ** Parsing conflict **
                         MINUS shift        17     
                         MINUS reduce       26      ** Parsing conflict **
                         TIMES shift        16     
                         TIMES reduce       26      ** Parsing conflict **
                        DIVIDE shift        15     
                        DIVIDE reduce       26      ** Parsing conflict **
                         POWER shift        14     
                         POWER reduce       26      ** Parsing conflict **
                            IS shift        39     
                            IS reduce       26      ** Parsing conflict **
                     {default} reduce       26     ex ::= ex IS NOT LIST ex

State 32:
          ex ::= ex * AMPERSAND ex
          ex ::= ex * PLUS ex
          ex ::= ex * MINUS ex
          ex ::= ex * TIMES ex
          ex ::= ex * DIVIDE ex
          ex ::= ex * POWER ex
          ex ::= ex * IS LIST ex
          ex ::= ex * IS NOT LIST ex
          ex ::= ex * IS NUMBER ex
     (29) ex ::= FIRST ex *

                     AMPERSAND shift        21     
                          PLUS shift        19     
                         MINUS shift        17     
                         TIMES shift        16     
                        DIVIDE shift        15     
                         POWER shift        14     
                            IS shift        39     
                            IS reduce       29      ** Parsing conflict **
                     {default} reduce       29     ex ::= FIRST ex

State 33:
          ex ::= ex * AMPERSAND ex
          ex ::= ex * PLUS ex
          ex ::= ex * MINUS ex
          ex ::= ex * TIMES ex
          ex ::= ex * DIVIDE ex
          ex ::= ex * POWER ex
          ex ::= ex * IS LIST ex
          ex ::= ex * IS NOT LIST ex
          ex ::= ex * IS NUMBER ex
     (28) ex ::= COUNT ex *

                     AMPERSAND shift        21     
                          PLUS shift        19     
                         MINUS shift        17     
                         TIMES shift        16     
                        DIVIDE shift        15     
                         POWER shift        14     
                            IS shift        39     
                            IS reduce       28      ** Parsing conflict **
                     {default} reduce       28     ex ::= COUNT ex

State 34:
          ex ::= ex * AMPERSAND ex
          ex ::= ex * PLUS ex
          ex ::= ex * MINUS ex
          ex ::= ex * TIMES ex
          ex ::= ex * DIVIDE ex
          ex ::= ex * POWER ex
          ex ::= ex * IS LIST ex
     (25) ex ::= ex IS LIST ex *
          ex ::= ex * IS NOT LIST ex
          ex ::= ex * IS NUMBER ex

                     AMPERSAND shift        21     
                     AMPERSAND reduce       25      ** Parsing conflict **
                          PLUS shift        19     
                          PLUS reduce       25      ** Parsing conflict **
                         MINUS shift        17     
                         MINUS reduce       25      ** Parsing conflict **
                         TIMES shift        16     
                         TIMES reduce       25      ** Parsing conflict **
                        DIVIDE shift        15     
                        DIVIDE reduce       25      ** Parsing conflict **
                         POWER shift        14     
                         POWER reduce       25      ** Parsing conflict **
                            IS shift        39     
                            IS reduce       25      ** Parsing conflict **
                     {default} reduce       25     ex ::= ex IS LIST ex

State 35:
     (13) exlist ::= exlist COMMA ex *
          ex ::= ex * AMPERSAND ex
          ex ::= ex * PLUS ex
          ex ::= ex * MINUS ex
          ex ::= ex * TIMES ex
          ex ::= ex * DIVIDE ex
          ex ::= ex * POWER ex
          ex ::= ex * IS LIST ex
          ex ::= ex * IS NOT LIST ex
          ex ::= ex * IS NUMBER ex

                     AMPERSAND shift        21     
                          PLUS shift        19     
                         MINUS shift        17     
                         TIMES shift        16     
                        DIVIDE shift        15     
                         POWER shift        14     
                            IS shift        39     
                     {default} reduce       13     exlist ::= exlist COMMA ex

State 36:
          ex ::= ex * AMPERSAND ex
     (19) ex ::= ex AMPERSAND ex *
          ex ::= ex * PLUS ex
          ex ::= ex * MINUS ex
          ex ::= ex * TIMES ex
          ex ::= ex * DIVIDE ex
          ex ::= ex * POWER ex
          ex ::= ex * IS LIST ex
          ex ::= ex * IS NOT LIST ex
          ex ::= ex * IS NUMBER ex

                          PLUS shift        19     
                         MINUS shift        17     
                         TIMES shift        16     
                        DIVIDE shift        15     
                         POWER shift        14     
                            IS shift        39     
                            IS reduce       19      ** Parsing conflict **
                     {default} reduce       19     ex ::= ex AMPERSAND ex

State 37:
          ex ::= ex * AMPERSAND ex
          ex ::= ex * PLUS ex
     (20) ex ::= ex PLUS ex *
          ex ::= ex * MINUS ex
          ex ::= ex * TIMES ex
          ex ::= ex * DIVIDE ex
          ex ::= ex * POWER ex
          ex ::= ex * IS LIST ex
          ex ::= ex * IS NOT LIST ex
          ex ::= ex * IS NUMBER ex

                         TIMES shift        16     
                        DIVIDE shift        15     
                         POWER shift        14     
                            IS shift        39     
                            IS reduce       20      ** Parsing conflict **
                     {default} reduce       20     ex ::= ex PLUS ex

State 38:
          ex ::= ex * AMPERSAND ex
          ex ::= ex * PLUS ex
          ex ::= ex * MINUS ex
     (21) ex ::= ex MINUS ex *
          ex ::= ex * TIMES ex
          ex ::= ex * DIVIDE ex
          ex ::= ex * POWER ex
          ex ::= ex * IS LIST ex
          ex ::= ex * IS NOT LIST ex
          ex ::= ex * IS NUMBER ex

                         TIMES shift        16     
                        DIVIDE shift        15     
                         POWER shift        14     
                            IS shift        39     
                            IS reduce       21      ** Parsing conflict **
                     {default} reduce       21     ex ::= ex MINUS ex

State 39:
          ex ::= ex IS * LIST ex
          ex ::= ex IS * NOT LIST ex
          ex ::= ex IS * NUMBER ex

                          LIST shift        13     
                           NOT shift        49     
                        NUMBER shift        7      

State 40:
          ex ::= ex * AMPERSAND ex
          ex ::= ex * PLUS ex
          ex ::= ex * MINUS ex
          ex ::= ex * TIMES ex
          ex ::= ex * DIVIDE ex
          ex ::= ex * POWER ex
     (24) ex ::= ex POWER ex *
          ex ::= ex * IS LIST ex
          ex ::= ex * IS NOT LIST ex
          ex ::= ex * IS NUMBER ex

                         POWER shift        14     
                            IS shift        39     
                            IS reduce       24      ** Parsing conflict **
                     {default} reduce       24     ex ::= ex POWER ex

State 41:
          ex ::= ex * AMPERSAND ex
          ex ::= ex * PLUS ex
          ex ::= ex * MINUS ex
          ex ::= ex * TIMES ex
          ex ::= ex * DIVIDE ex
     (23) ex ::= ex DIVIDE ex *
          ex ::= ex * POWER ex
          ex ::= ex * IS LIST ex
          ex ::= ex * IS NOT LIST ex
          ex ::= ex * IS NUMBER ex

                         POWER shift        14     
                            IS shift        39     
                            IS reduce       23      ** Parsing conflict **
                     {default} reduce       23     ex ::= ex DIVIDE ex

State 42:
          ex ::= ex * AMPERSAND ex
          ex ::= ex * PLUS ex
          ex ::= ex * MINUS ex
          ex ::= ex * TIMES ex
     (22) ex ::= ex TIMES ex *
          ex ::= ex * DIVIDE ex
          ex ::= ex * POWER ex
          ex ::= ex * IS LIST ex
          ex ::= ex * IS NOT LIST ex
          ex ::= ex * IS NUMBER ex

                         POWER shift        14     
                            IS shift        39     
                            IS reduce       22      ** Parsing conflict **
                     {default} reduce       22     ex ::= ex TIMES ex

State 43:
          ex ::= LSPAR exlist * RSPAR
          exlist ::= exlist * COMMA ex

                         COMMA shift        18     
                         RSPAR shift-reduce 11     ex ::= LSPAR exlist RSPAR

State 44:
          statement ::= TIME OF IDENTIFIER * ASSIGN ex SEMICOLON

                        ASSIGN shift        3      

State 45:
          statement ::= TIME OF * IDENTIFIER ASSIGN ex SEMICOLON

                    IDENTIFIER shift        44     

State 46:
          statement ::= TIME * OF IDENTIFIER ASSIGN ex SEMICOLON

                            OF shift        45     

State 47:
          statement ::= IDENTIFIER * ASSIGN ex SEMICOLON

                        ASSIGN shift        4      

State 48:
          statement ::= WRITE TIME * OF ex SEMICOLON

                            OF shift        6      

State 49:
          ex ::= ex IS NOT * LIST ex

                          LIST shift        8      

State 50:
          ex ::= ex * AMPERSAND ex
          ex ::= ex * PLUS ex
          ex ::= ex * MINUS ex
          ex ::= ex * TIMES ex
          ex ::= ex * DIVIDE ex
          ex ::= ex * POWER ex
          ex ::= ex * IS LIST ex
          ex ::= ex * IS NOT LIST ex
          ex ::= ex * IS NUMBER ex
     (31) ex ::= COS ex *

                            IS shift        39     
                            IS reduce       31      ** Parsing conflict **
                     {default} reduce       31     ex ::= COS ex

State 51:
          ex ::= ex * AMPERSAND ex
          ex ::= ex * PLUS ex
          ex ::= ex * MINUS ex
          ex ::= ex * TIMES ex
          ex ::= ex * DIVIDE ex
          ex ::= ex * POWER ex
          ex ::= ex * IS LIST ex
          ex ::= ex * IS NOT LIST ex
          ex ::= ex * IS NUMBER ex
     (30) ex ::= SIN ex *

                            IS shift        39     
                            IS reduce       30      ** Parsing conflict **
                     {default} reduce       30     ex ::= SIN ex

----------------------------------------------------
Symbols:
    0: $:
    1: COUNT
    2: FIRST
    3: COMMA
    4: AMPERSAND
    5: PLUS
    6: MINUS
    7: TIMES
    8: DIVIDE
    9: POWER
   10: SIN
   11: COS
   12: WRITE
   13: SEMICOLON
   14: TIME
   15: OF
   16: TRACE
   17: IDENTIFIER
   18: ASSIGN
   19: LPAR
   20: RPAR
   21: LSPAR
   22: RSPAR
   23: NUMTOKEN
   24: TIMETOKEN
   25: STRTOKEN
   26: BOOLTOKEN
   27: NOW
   28: IS
   29: LIST
   30: NOT
   31: NUMBER
   32: error:
   33: code: <lambda> WRITE TIME TRACE IDENTIFIER
   34: statementblock: <lambda> WRITE TIME TRACE IDENTIFIER
   35: statement: WRITE TIME TRACE IDENTIFIER
   36: ex: COUNT FIRST SIN COS IDENTIFIER LPAR LSPAR NUMTOKEN TIMETOKEN STRTOKEN BOOLTOKEN NOW
   37: exlist: COUNT FIRST SIN COS IDENTIFIER LPAR LSPAR NUMTOKEN TIMETOKEN STRTOKEN BOOLTOKEN NOW
